-------------------------------------------------------------------------------
Test set: TestSuite
-------------------------------------------------------------------------------
Tests run: 1, Failures: 1, Errors: 0, Skipped: 0, Time elapsed: 24.396 sec <<< FAILURE!
testUpcomingWebinarListedCorrectly(AutomationChallengeTest)  Time elapsed: 0.025 sec  <<< FAILURE!
java.io.FileNotFoundException: property file 'resources/config.properties' not found in the classpath
	at AutomationChallengeTest.getPropertiesFromClasspath(AutomationChallengeTest.java:214)
	at AutomationChallengeTest.testUpcomingWebinarListedCorrectly(AutomationChallengeTest.java:89)

