<?xml version="1.0" encoding="UTF-8"?>
<testng-results skipped="0" failed="1" total="1" passed="0">
  <reporter-output>
  </reporter-output>
  <suite name="AutomationChallengeTest" duration-ms="6389" started-at="2015-06-02T19:08:57Z" finished-at="2015-06-02T19:09:03Z">
    <groups>
    </groups>
    <test name="AutomationChallengeTest" duration-ms="6389" started-at="2015-06-02T19:08:57Z" finished-at="2015-06-02T19:09:03Z">
      <class name="AutomationChallengeTest">
        <test-method status="PASS" signature="setup()[pri:0, instance:AutomationChallengeTest@c430e6c]" name="setup" is-config="true" duration-ms="6342" started-at="2015-06-02T12:08:57Z" finished-at="2015-06-02T12:09:03Z">
          <reporter-output>
          </reporter-output>
        </test-method> <!-- setup -->
        <test-method status="FAIL" signature="testUpcomingWebinarListedCorrectly(boolean, java.lang.String, java.lang.String, java.lang.String, java.lang.String, int, java.lang.String, java.lang.String)[pri:0, instance:AutomationChallengeTest@c430e6c]" name="testUpcomingWebinarListedCorrectly" duration-ms="1" started-at="2015-06-02T12:09:03Z" data-provider="webinarChallengeData" finished-at="2015-06-02T12:09:03Z">
          <params>
            <param index="0">
              <value>
                <![CDATA[false]]>
              </value>
            </param>
            <param index="1">
              <value>
                <![CDATA[myWebinar_Cat]]>
              </value>
            </param>
            <param index="2">
              <value>
                <![CDATA[my descriptive text]]>
              </value>
            </param>
            <param index="3">
              <value>
                <![CDATA[10:00 PM]]>
              </value>
            </param>
            <param index="4">
              <value>
                <![CDATA[11:30 PM]]>
              </value>
            </param>
            <param index="5">
              <value>
                <![CDATA[3]]>
              </value>
            </param>
            <param index="6">
              <value>
                <![CDATA[(GMT-07:00) Pacific Time (US and Canada);Tijuana]]>
              </value>
            </param>
            <param index="7">
              <value>
                <![CDATA[English]]>
              </value>
            </param>
          </params>
          <exception class="java.io.FileNotFoundException">
            <message>
              <![CDATA[property file 'resources/config.properties' not found in the classpath]]>
            </message>
            <full-stacktrace>
              <![CDATA[java.io.FileNotFoundException: property file 'resources/config.properties' not found in the classpath
	at AutomationChallengeTest.getPropertiesFromClasspath(AutomationChallengeTest.java:214)
	at AutomationChallengeTest.testUpcomingWebinarListedCorrectly(AutomationChallengeTest.java:89)
	at sun.reflect.NativeMethodAccessorImpl.invoke0(Native Method)
	at sun.reflect.NativeMethodAccessorImpl.invoke(NativeMethodAccessorImpl.java:62)
	at sun.reflect.DelegatingMethodAccessorImpl.invoke(DelegatingMethodAccessorImpl.java:43)
	at java.lang.reflect.Method.invoke(Method.java:497)
	at org.testng.internal.MethodInvocationHelper.invokeMethod(MethodInvocationHelper.java:84)
	at org.testng.internal.Invoker.invokeMethod(Invoker.java:714)
	at org.testng.internal.Invoker.invokeTestMethod(Invoker.java:901)
	at org.testng.internal.Invoker.invokeTestMethods(Invoker.java:1231)
	at org.testng.internal.TestMethodWorker.invokeTestMethods(TestMethodWorker.java:127)
	at org.testng.internal.TestMethodWorker.run(TestMethodWorker.java:111)
	at org.testng.TestRunner.privateRun(TestRunner.java:767)
	at org.testng.TestRunner.run(TestRunner.java:617)
	at org.testng.SuiteRunner.runTest(SuiteRunner.java:348)
	at org.testng.SuiteRunner.runSequentially(SuiteRunner.java:343)
	at org.testng.SuiteRunner.privateRun(SuiteRunner.java:305)
	at org.testng.SuiteRunner.run(SuiteRunner.java:254)
	at org.testng.SuiteRunnerWorker.runSuite(SuiteRunnerWorker.java:52)
	at org.testng.SuiteRunnerWorker.run(SuiteRunnerWorker.java:86)
	at org.testng.TestNG.runSuitesSequentially(TestNG.java:1224)
	at org.testng.TestNG.runSuitesLocally(TestNG.java:1149)
	at org.testng.TestNG.run(TestNG.java:1057)
	at org.apache.maven.surefire.testng.TestNGExecutor.run(TestNGExecutor.java:178)
	at org.apache.maven.surefire.testng.TestNGXmlTestSuite.execute(TestNGXmlTestSuite.java:92)
	at org.apache.maven.surefire.testng.TestNGProvider.invoke(TestNGProvider.java:96)
	at sun.reflect.NativeMethodAccessorImpl.invoke0(Native Method)
	at sun.reflect.NativeMethodAccessorImpl.invoke(NativeMethodAccessorImpl.java:62)
	at sun.reflect.DelegatingMethodAccessorImpl.invoke(DelegatingMethodAccessorImpl.java:43)
	at java.lang.reflect.Method.invoke(Method.java:497)
	at org.apache.maven.surefire.util.ReflectionUtils.invokeMethodWithArray2(ReflectionUtils.java:208)
	at org.apache.maven.surefire.booter.ProviderFactory$ProviderProxy.invoke(ProviderFactory.java:159)
	at org.apache.maven.surefire.booter.ProviderFactory.invokeProvider(ProviderFactory.java:87)
	at org.apache.maven.surefire.booter.ForkedBooter.runSuitesInProcess(ForkedBooter.java:153)
	at org.apache.maven.surefire.booter.ForkedBooter.main(ForkedBooter.java:95)
]]>
            </full-stacktrace>
          </exception> <!-- java.io.FileNotFoundException -->
          <reporter-output>
          </reporter-output>
        </test-method> <!-- testUpcomingWebinarListedCorrectly -->
      </class> <!-- AutomationChallengeTest -->
    </test> <!-- AutomationChallengeTest -->
  </suite> <!-- AutomationChallengeTest -->
</testng-results>
