<?xml version="1.0" encoding="UTF-8"?>
<!-- Generated by org.testng.reporters.JUnitXMLReporter -->
<testsuite hostname="GreyTop" tests="1" failures="1" timestamp="2 Jun 2015 19:09:03 GMT" time="6.389" errors="0">
  <testcase name="testUpcomingWebinarListedCorrectly" time="0.001" classname="AutomationChallengeTest">
    <failure type="java.io.FileNotFoundException" message="property file &amp;apos;resources/config.properties&amp;apos; not found in the classpath">
      <![CDATA[java.io.FileNotFoundException: property file 'resources/config.properties' not found in the classpath
	at AutomationChallengeTest.getPropertiesFromClasspath(AutomationChallengeTest.java:214)
	at AutomationChallengeTest.testUpcomingWebinarListedCorrectly(AutomationChallengeTest.java:89)
... Removed 33 stack frames]]>
    </failure>
  </testcase> <!-- testUpcomingWebinarListedCorrectly -->
</testsuite>
